<?xml version="1.0" encoding="UTF-8"?>
<testsuites name="TodoMVCTestSuite" time="43.624" tests="2" failures="0" errors="0">
   <testsuite name="TodoMVCTestSuite" tests="2" failures="0" errors="0" time="43.624" skipped="0" timestamp="13-02-2025T14:00:03" hostname="edo - localhost" id="Test Suites/TodoMVCTestSuite">
      <properties>
[...]
</properties>
      <testcase name="Test Cases/Reusable Test Case/RTC005 - Add Todo" time="42.587" classname="Test Cases/Reusable Test Case/RTC005 - Add Todo" status="PASSED">
         <system-out><![CDATA[13-02-2025T14:00:03 - [TEST_CASE][PASSED] - Test Cases/Reusable Test Case/RTC005 - Add Todo: Test Cases/Reusable Test Case/RTC005 - Add Todo

13-02-2025T14:00:04 - [TEST_STEP][PASSED] - todo = new com.todo.keywords.TodoKeywords(): null

13-02-2025T14:00:04 - [TEST_STEP][PASSED] - InitializeTodoApp.execute(): Navigate to 'https://todomvc-e2e-app.vercel.app/#/' successfully

13-02-2025T14:00:04 - [MESSAGE][INFO] - User set preference: ['browserVersion', '133']

13-02-2025T14:00:04 - [MESSAGE][INFO] - User set preference: ['browserName', 'chrome']

13-02-2025T14:00:04 - [MESSAGE][INFO] - User set preference: ['platformName', 'macos']

13-02-2025T14:00:04 - [MESSAGE][INFO] - User set preference: ['katalon:options', '{metadata={organizationId=1914502, accountId=1462935, channel=kse;v=10.1.0}, tunnelId=, executionMode=queue, usingTunnel=true}']

13-02-2025T14:00:04 - [MESSAGE][INFO] - Connecting to remote web server 'testcloud.katalon.com/hub' with type 'Selenium'

13-02-2025T14:00:04 - [MESSAGE][INFO] - Action delay is set to 0 milliseconds

13-02-2025T14:00:33 - [MESSAGE][WARNING] - Your browser version or type does not support the BiDirectional WebDriver Protocol which is required for Smart Locator functionality. Please update your browser or switch to a compatible one.

13-02-2025T14:00:33 - [MESSAGE][WARNING] - Your browser version or type does not support the BiDirectional WebDriver Protocol which is required for Smart Wait functionality. Please update your browser or switch to a compatible one.

13-02-2025T14:00:34 - [MESSAGE][PASSED] - Browser is opened with url: ''

13-02-2025T14:00:36 - [MESSAGE][PASSED] - Navigate to 'https://todomvc-e2e-app.vercel.app/#/' successfully

13-02-2025T14:00:36 - [TEST_STEP][PASSED] - AddTodo.execute("Buy groceries"): Keys 'ENTER + ' sent to object: 'Object Repository/Page_TodoMVC/input_todos_new-todo'

13-02-2025T14:00:41 - [MESSAGE][PASSED] - Text 'Buy groceries' is set on object 'Object Repository/Page_TodoMVC/input_todos_new-todo'

13-02-2025T14:00:42 - [MESSAGE][PASSED] - Keys 'ENTER + ' sent to object: 'Object Repository/Page_TodoMVC/input_todos_new-todo'

13-02-2025T14:00:42 - [TEST_STEP][PASSED] - VerifyTodo.countEqual(1): Actual object '1' and expected object '1' are equal

13-02-2025T14:00:44 - [MESSAGE][PASSED] - Found web elements by test object Object Repository/Page_TodoMVC/li_todo_item

13-02-2025T14:00:44 - [MESSAGE][PASSED] - Actual object '1' and expected object '1' are equal

13-02-2025T14:00:44 - [TEST_STEP][PASSED] - VerifyTodo.textEqual(0, "Buy groceries"): Actual object 'Buy groceries' and expected object 'Buy groceries' are equal

13-02-2025T14:00:44 - [MESSAGE][WARNING] - Timeout '0' is invalid. Using default page load timeout: '30'

13-02-2025T14:00:46 - [MESSAGE][PASSED] - Found web elements by test object Object Repository/Page_TodoMVC/todo_item--label

13-02-2025T14:00:46 - [MESSAGE][PASSED] - Actual object 'Buy groceries' and expected object 'Buy groceries' are equal]]></system-out>
         <system-err><![CDATA[]]></system-err>
      </testcase>
      <testcase name="Test Cases/Reusable Test Case/RTC002 - Close App" time="0.966" classname="Test Cases/Reusable Test Case/RTC002 - Close App" status="PASSED">
         <system-out><![CDATA[13-02-2025T14:00:46 - [TEST_CASE][PASSED] - Test Cases/Reusable Test Case/RTC002 - Close App: Test Cases/Reusable Test Case/RTC002 - Close App

13-02-2025T14:00:46 - [TEST_STEP][PASSED] - closeBrowser(STOP_ON_FAILURE): Browser is closed

13-02-2025T14:00:47 - [MESSAGE][PASSED] - Browser is closed]]></system-out>
         <system-err><![CDATA[]]></system-err>
      </testcase>
      <system-out><![CDATA[13-02-2025T14:00:03 - [TEST_SUITE][PASSED] - TodoMVCTestSuite: Test Cases/Reusable Test Case/RTC002 - Close App]]></system-out>
      <system-err><![CDATA[]]></system-err>
   </testsuite>
</testsuites>
